python-dotenv could not parse statement starting at line 12
python-dotenv could not parse statement starting at line 14
python-dotenv could not parse statement starting at line 16
python-dotenv could not parse statement starting at line 18
python-dotenv could not parse statement starting at line 20
python-dotenv could not parse statement starting at line 24
python-dotenv could not parse statement starting at line 26
python-dotenv could not parse statement starting at line 28
python-dotenv could not parse statement starting at line 29
python-dotenv could not parse statement starting at line 30
python-dotenv could not parse statement starting at line 31
python-dotenv could not parse statement starting at line 32
python-dotenv could not parse statement starting at line 33
python-dotenv could not parse statement starting at line 35
python-dotenv could not parse statement starting at line 37
python-dotenv could not parse statement starting at line 39
python-dotenv could not parse statement starting at line 43
python-dotenv could not parse statement starting at line 44
python-dotenv could not parse statement starting at line 47
python-dotenv could not parse statement starting at line 48
python-dotenv could not parse statement starting at line 52
python-dotenv could not parse statement starting at line 53
python-dotenv could not parse statement starting at line 55
python-dotenv could not parse statement starting at line 57
python-dotenv could not parse statement starting at line 58
python-dotenv could not parse statement starting at line 59
python-dotenv could not parse statement starting at line 60
python-dotenv could not parse statement starting at line 61
python-dotenv could not parse statement starting at line 63
python-dotenv could not parse statement starting at line 65
python-dotenv could not parse statement starting at line 67
python-dotenv could not parse statement starting at line 69
python-dotenv could not parse statement starting at line 71
python-dotenv could not parse statement starting at line 72
python-dotenv could not parse statement starting at line 73
python-dotenv could not parse statement starting at line 74
python-dotenv could not parse statement starting at line 75
python-dotenv could not parse statement starting at line 76
python-dotenv could not parse statement starting at line 78
python-dotenv could not parse statement starting at line 80
python-dotenv could not parse statement starting at line 84
python-dotenv could not parse statement starting at line 85
python-dotenv could not parse statement starting at line 86
python-dotenv could not parse statement starting at line 87
python-dotenv could not parse statement starting at line 88
python-dotenv could not parse statement starting at line 90
python-dotenv could not parse statement starting at line 91
python-dotenv could not parse statement starting at line 92
python-dotenv could not parse statement starting at line 93
python-dotenv could not parse statement starting at line 96
python-dotenv could not parse statement starting at line 98
python-dotenv could not parse statement starting at line 100
python-dotenv could not parse statement starting at line 101
python-dotenv could not parse statement starting at line 103
python-dotenv could not parse statement starting at line 105
python-dotenv could not parse statement starting at line 106
python-dotenv could not parse statement starting at line 107
python-dotenv could not parse statement starting at line 108
python-dotenv could not parse statement starting at line 110
python-dotenv could not parse statement starting at line 112
python-dotenv could not parse statement starting at line 114
python-dotenv could not parse statement starting at line 120
python-dotenv could not parse statement starting at line 122
python-dotenv could not parse statement starting at line 124
python-dotenv could not parse statement starting at line 126
python-dotenv could not parse statement starting at line 128
INFO:     Started server process [33708]
INFO:     Waiting for application startup.
INFO:     Application startup complete.
ERROR:    [Errno 10048] error while attempting to bind on address ('127.0.0.1', 8010): [winerror 10048] solo se permite un uso de cada dirección de socket (protocolo/dirección de red/puerto)
INFO:     Waiting for application shutdown.
INFO:     Application shutdown complete.
